<?xml version="1.0" encoding="UTF-8"?>
<testsuite name="censusanalyser.CensusAnalyserTest" tests="1" skipped="0" failures="0" errors="0" timestamp="2020-10-24T06:02:40" hostname="DESKTOP-QTP5K3U" time="0.155">
  <properties/>
  <testcase name="givenIndianCensusData_whenSortedOnArea_shouldReturnSortedResultInDescendingOrder" classname="censusanalyser.CensusAnalyserTest" time="0.155"/>
  <system-out><![CDATA[]]></system-out>
  <system-err><![CDATA[]]></system-err>
</testsuite>
