<?xml version="1.0" encoding="UTF-8"?>
<testsuite name="censusanalyser.CensusAnalyserTest" tests="16" skipped="0" failures="0" errors="0" timestamp="2020-10-24T06:20:49" hostname="DESKTOP-QTP5K3U" time="0.294">
  <properties/>
  <testcase name="givenIndianCensusData_whenSortedOnArea_shouldReturnSortedResultInDescendingOrder" classname="censusanalyser.CensusAnalyserTest" time="0.165"/>
  <testcase name="givenIndiaCensusData_withWrongHeader_shouldThrowException" classname="censusanalyser.CensusAnalyserTest" time="0.037"/>
  <testcase name="givenIndianCensusData_whenSortedOnPopulation_shouldReturnSortedResultInDescendingOrder" classname="censusanalyser.CensusAnalyserTest" time="0.019"/>
  <testcase name="givenIndiaCensusData_withWrongDelimiter_shouldThrowException" classname="censusanalyser.CensusAnalyserTest" time="0.002"/>
  <testcase name="givenIndianCensusData_whenSortedOnPopulationDensity_shouldReturnSortedResultInDescendingOrder" classname="censusanalyser.CensusAnalyserTest" time="0.015"/>
  <testcase name="givenIndianCensusCSVFile_whenCorrect_returnsCorrectRecords" classname="censusanalyser.CensusAnalyserTest" time="0.011"/>
  <testcase name="givenIndianStateCSV_withWrongHeader_shouldThrowException" classname="censusanalyser.CensusAnalyserTest" time="0.003"/>
  <testcase name="givenIndiaCensusData_withWrongFileType_shouldThrowException" classname="censusanalyser.CensusAnalyserTest" time="0.0"/>
  <testcase name="givenIndiaCensusData_withWrongFilePath_shouldThrowException" classname="censusanalyser.CensusAnalyserTest" time="0.001"/>
  <testcase name="givenIndianStateCSV_whenSortedOnStateCode_shouldReturnSortedResult" classname="censusanalyser.CensusAnalyserTest" time="0.009"/>
  <testcase name="givenIndianCensusCSVFile_whenCorrectAndUsingCommonsCSV_returnsCorrectRecords" classname="censusanalyser.CensusAnalyserTest" time="0.014"/>
  <testcase name="givenIndianStateCSV_withWrongFileType_shouldThrowException" classname="censusanalyser.CensusAnalyserTest" time="0.0"/>
  <testcase name="givenIndianStateCSV_withWrongFilePath_shouldThrowException" classname="censusanalyser.CensusAnalyserTest" time="0.0"/>
  <testcase name="givenIndianCensusData_whenSortedOnState_shouldReturnSortedResult" classname="censusanalyser.CensusAnalyserTest" time="0.012"/>
  <testcase name="givenIndianStateCSV_whenCorrect_shouldReturnExactCount" classname="censusanalyser.CensusAnalyserTest" time="0.005"/>
  <testcase name="givenIndianStateCSV_withWrongDelimiter_shouldThrowException" classname="censusanalyser.CensusAnalyserTest" time="0.001"/>
  <system-out><![CDATA[]]></system-out>
  <system-err><![CDATA[]]></system-err>
</testsuite>
